0 info it worked if it ends with ok
1 verbose cli [ 'node', '/usr/local/bin/npm', 'install', '-g', 'request' ]
2 info using npm@1.4.3
3 info using node@v0.10.26
4 verbose cache add [ 'request', null ]
5 verbose cache add name=undefined spec="request" args=["request",null]
6 verbose parsed url { protocol: null,
6 verbose parsed url   slashes: null,
6 verbose parsed url   auth: null,
6 verbose parsed url   host: null,
6 verbose parsed url   port: null,
6 verbose parsed url   hostname: null,
6 verbose parsed url   hash: null,
6 verbose parsed url   search: null,
6 verbose parsed url   query: null,
6 verbose parsed url   pathname: 'request',
6 verbose parsed url   path: 'request',
6 verbose parsed url   href: 'request' }
7 silly lockFile 088e29b0-request request
8 verbose lock request /Users/HDim/.npm/088e29b0-request.lock
9 silly lockFile 088e29b0-request request
10 silly lockFile 088e29b0-request request
11 verbose addNamed [ 'request', '' ]
12 verbose addNamed [ null, '*' ]
13 silly lockFile 9d461bcf-request request@
14 verbose lock request@ /Users/HDim/.npm/9d461bcf-request.lock
15 silly addNameRange { name: 'request', range: '*', hasData: false }
16 verbose url raw request
17 verbose url resolving [ 'https://registry.npmjs.org/', './request' ]
18 verbose url resolved https://registry.npmjs.org/request
19 info trying registry request attempt 1 at 21:45:26
20 verbose etag "7QSW04PIZ0CAWNHM68HQSW57O"
21 http GET https://registry.npmjs.org/request
22 http 304 https://registry.npmjs.org/request
23 silly registry.get cb [ 304,
23 silly registry.get   { date: 'Sun, 11 May 2014 19:45:25 GMT',
23 silly registry.get     server: 'Apache',
23 silly registry.get     via: '1.1 varnish',
23 silly registry.get     'last-modified': 'Sun, 11 May 2014 19:45:25 GMT',
23 silly registry.get     'cache-control': 'max-age=1',
23 silly registry.get     etag: '"7QSW04PIZ0CAWNHM68HQSW57O"',
23 silly registry.get     'x-served-by': 'cache-fra1229-FRA',
23 silly registry.get     'x-cache': 'HIT',
23 silly registry.get     'x-cache-hits': '1',
23 silly registry.get     'x-timer': 'S1399837525.389249086,VS0,VE100',
23 silly registry.get     vary: 'Accept',
23 silly registry.get     'content-length': '0',
23 silly registry.get     'keep-alive': 'timeout=10, max=50',
23 silly registry.get     connection: 'Keep-Alive' } ]
24 verbose etag request from cache
25 silly addNameRange number 2 { name: 'request', range: '*', hasData: true }
26 silly addNameRange versions [ 'request',
26 silly addNameRange   [ '0.10.0',
26 silly addNameRange     '0.8.3',
26 silly addNameRange     '0.9.0',
26 silly addNameRange     '0.9.1',
26 silly addNameRange     '0.9.5',
26 silly addNameRange     '1.0.0',
26 silly addNameRange     '1.1.0',
26 silly addNameRange     '1.1.1',
26 silly addNameRange     '1.2.0',
26 silly addNameRange     '1.9.0',
26 silly addNameRange     '1.9.1',
26 silly addNameRange     '1.9.2',
26 silly addNameRange     '1.9.3',
26 silly addNameRange     '1.9.5',
26 silly addNameRange     '1.9.7',
26 silly addNameRange     '1.9.8',
26 silly addNameRange     '1.9.9',
26 silly addNameRange     '2.0.0',
26 silly addNameRange     '2.0.1',
26 silly addNameRange     '2.0.2',
26 silly addNameRange     '2.0.3',
26 silly addNameRange     '2.0.4',
26 silly addNameRange     '2.0.5',
26 silly addNameRange     '2.1.0',
26 silly addNameRange     '2.1.1',
26 silly addNameRange     '2.2.0',
26 silly addNameRange     '2.2.5',
26 silly addNameRange     '2.2.6',
26 silly addNameRange     '2.2.9',
26 silly addNameRange     '2.9.0',
26 silly addNameRange     '2.9.1',
26 silly addNameRange     '2.9.2',
26 silly addNameRange     '2.9.3',
26 silly addNameRange     '2.9.100',
26 silly addNameRange     '2.9.150',
26 silly addNameRange     '2.9.151',
26 silly addNameRange     '2.9.152',
26 silly addNameRange     '2.9.153',
26 silly addNameRange     '2.9.200',
26 silly addNameRange     '2.9.201',
26 silly addNameRange     '2.9.202',
26 silly addNameRange     '2.9.203',
26 silly addNameRange     '2.10.0',
26 silly addNameRange     '2.11.0',
26 silly addNameRange     '2.11.1',
26 silly addNameRange     '2.11.2',
26 silly addNameRange     '2.11.3',
26 silly addNameRange     '2.11.4',
26 silly addNameRange     '2.12.0',
26 silly addNameRange     '2.14.0',
26 silly addNameRange     '2.16.0',
26 silly addNameRange     '2.16.2',
26 silly addNameRange     '2.16.4',
26 silly addNameRange     '2.16.6',
26 silly addNameRange     '2.18.0',
26 silly addNameRange     '2.19.0',
26 silly addNameRange     '2.20.0',
26 silly addNameRange     '2.21.0',
26 silly addNameRange     '2.22.0',
26 silly addNameRange     '2.23.0',
26 silly addNameRange     '2.24.0',
26 silly addNameRange     '2.25.0',
26 silly addNameRange     '2.26.0',
26 silly addNameRange     '2.27.0',
26 silly addNameRange     '2.28.0',
26 silly addNameRange     '2.29.0',
26 silly addNameRange     '2.30.0',
26 silly addNameRange     '2.31.0',
26 silly addNameRange     '2.32.0',
26 silly addNameRange     '2.33.0',
26 silly addNameRange     '2.34.0' ] ]
27 verbose addNamed [ 'request', '2.34.0' ]
28 verbose addNamed [ '2.34.0', '2.34.0' ]
29 silly lockFile a8edf972-request-2-34-0 request@2.34.0
30 verbose lock request@2.34.0 /Users/HDim/.npm/a8edf972-request-2-34-0.lock
31 silly lockFile 1b2f62ce-s-org-request-request-2-34-0-tgz https://registry.npmjs.org/request/-/request-2.34.0.tgz
32 verbose lock https://registry.npmjs.org/request/-/request-2.34.0.tgz /Users/HDim/.npm/1b2f62ce-s-org-request-request-2-34-0-tgz.lock
33 verbose addRemoteTarball [ 'https://registry.npmjs.org/request/-/request-2.34.0.tgz',
33 verbose addRemoteTarball   'b5d8b9526add4a2d4629f4d417124573996445ae' ]
34 info retry fetch attempt 1 at 21:45:34
35 verbose fetch to= /var/folders/pm/9rgpjrg90kx6c4jd8qq64w9h0000gn/T/npm-12534-mmJf_lT_/1399837534707-0.8425406110472977/tmp.tgz
36 http GET https://registry.npmjs.org/request/-/request-2.34.0.tgz
37 http 200 https://registry.npmjs.org/request/-/request-2.34.0.tgz
38 verbose tar unpack /var/folders/pm/9rgpjrg90kx6c4jd8qq64w9h0000gn/T/npm-12534-mmJf_lT_/1399837534707-0.8425406110472977/tmp.tgz
39 silly lockFile c993fd28-34707-0-8425406110472977-package tar:///var/folders/pm/9rgpjrg90kx6c4jd8qq64w9h0000gn/T/npm-12534-mmJf_lT_/1399837534707-0.8425406110472977/package
40 verbose lock tar:///var/folders/pm/9rgpjrg90kx6c4jd8qq64w9h0000gn/T/npm-12534-mmJf_lT_/1399837534707-0.8425406110472977/package /Users/HDim/.npm/c993fd28-34707-0-8425406110472977-package.lock
41 silly lockFile c6245e33-34707-0-8425406110472977-tmp-tgz tar:///var/folders/pm/9rgpjrg90kx6c4jd8qq64w9h0000gn/T/npm-12534-mmJf_lT_/1399837534707-0.8425406110472977/tmp.tgz
42 verbose lock tar:///var/folders/pm/9rgpjrg90kx6c4jd8qq64w9h0000gn/T/npm-12534-mmJf_lT_/1399837534707-0.8425406110472977/tmp.tgz /Users/HDim/.npm/c6245e33-34707-0-8425406110472977-tmp-tgz.lock
43 silly gunzTarPerm modes [ '755', '644' ]
44 silly gunzTarPerm extractEntry package.json
45 silly gunzTarPerm extractEntry .npmignore
46 silly gunzTarPerm extractEntry README.md
47 silly gunzTarPerm extractEntry LICENSE
48 silly gunzTarPerm extractEntry dns-request.js
49 silly gunzTarPerm extractEntry index.js
50 silly gunzTarPerm extractEntry request.js
51 silly gunzTarPerm extractEntry .travis.yml
52 silly gunzTarPerm extractEntry lib/cookies.js
53 silly gunzTarPerm extractEntry lib/copy.js
54 silly gunzTarPerm extractEntry lib/debug.js
55 silly gunzTarPerm extractEntry lib/getSafe.js
56 silly gunzTarPerm extractEntry lib/optional.js
57 silly lockFile c993fd28-34707-0-8425406110472977-package tar:///var/folders/pm/9rgpjrg90kx6c4jd8qq64w9h0000gn/T/npm-12534-mmJf_lT_/1399837534707-0.8425406110472977/package
58 silly lockFile c993fd28-34707-0-8425406110472977-package tar:///var/folders/pm/9rgpjrg90kx6c4jd8qq64w9h0000gn/T/npm-12534-mmJf_lT_/1399837534707-0.8425406110472977/package
59 silly lockFile c6245e33-34707-0-8425406110472977-tmp-tgz tar:///var/folders/pm/9rgpjrg90kx6c4jd8qq64w9h0000gn/T/npm-12534-mmJf_lT_/1399837534707-0.8425406110472977/tmp.tgz
60 silly lockFile c6245e33-34707-0-8425406110472977-tmp-tgz tar:///var/folders/pm/9rgpjrg90kx6c4jd8qq64w9h0000gn/T/npm-12534-mmJf_lT_/1399837534707-0.8425406110472977/tmp.tgz
61 verbose tar pack [ '/Users/HDim/.npm/request/2.34.0/package.tgz',
61 verbose tar pack   '/var/folders/pm/9rgpjrg90kx6c4jd8qq64w9h0000gn/T/npm-12534-mmJf_lT_/1399837534707-0.8425406110472977/package' ]
62 verbose tarball /Users/HDim/.npm/request/2.34.0/package.tgz
63 verbose folder /var/folders/pm/9rgpjrg90kx6c4jd8qq64w9h0000gn/T/npm-12534-mmJf_lT_/1399837534707-0.8425406110472977/package
64 silly lockFile c993fd28-34707-0-8425406110472977-package tar:///var/folders/pm/9rgpjrg90kx6c4jd8qq64w9h0000gn/T/npm-12534-mmJf_lT_/1399837534707-0.8425406110472977/package
65 verbose lock tar:///var/folders/pm/9rgpjrg90kx6c4jd8qq64w9h0000gn/T/npm-12534-mmJf_lT_/1399837534707-0.8425406110472977/package /Users/HDim/.npm/c993fd28-34707-0-8425406110472977-package.lock
66 silly lockFile 73a88f34-m-npm-request-2-34-0-package-tgz tar:///Users/HDim/.npm/request/2.34.0/package.tgz
67 verbose lock tar:///Users/HDim/.npm/request/2.34.0/package.tgz /Users/HDim/.npm/73a88f34-m-npm-request-2-34-0-package-tgz.lock
68 silly lockFile c993fd28-34707-0-8425406110472977-package tar:///var/folders/pm/9rgpjrg90kx6c4jd8qq64w9h0000gn/T/npm-12534-mmJf_lT_/1399837534707-0.8425406110472977/package
69 silly lockFile c993fd28-34707-0-8425406110472977-package tar:///var/folders/pm/9rgpjrg90kx6c4jd8qq64w9h0000gn/T/npm-12534-mmJf_lT_/1399837534707-0.8425406110472977/package
70 silly lockFile 73a88f34-m-npm-request-2-34-0-package-tgz tar:///Users/HDim/.npm/request/2.34.0/package.tgz
71 silly lockFile 73a88f34-m-npm-request-2-34-0-package-tgz tar:///Users/HDim/.npm/request/2.34.0/package.tgz
72 silly lockFile eecf2d5d--HDim-npm-request-2-34-0-package /Users/HDim/.npm/request/2.34.0/package
73 verbose lock /Users/HDim/.npm/request/2.34.0/package /Users/HDim/.npm/eecf2d5d--HDim-npm-request-2-34-0-package.lock
74 silly lockFile eecf2d5d--HDim-npm-request-2-34-0-package /Users/HDim/.npm/request/2.34.0/package
75 silly lockFile eecf2d5d--HDim-npm-request-2-34-0-package /Users/HDim/.npm/request/2.34.0/package
76 verbose tar unpack /Users/HDim/.npm/request/2.34.0/package.tgz
77 silly lockFile 50f503d3--HDim-npm-request-2-34-0-package tar:///Users/HDim/.npm/request/2.34.0/package
78 verbose lock tar:///Users/HDim/.npm/request/2.34.0/package /Users/HDim/.npm/50f503d3--HDim-npm-request-2-34-0-package.lock
79 silly lockFile 73a88f34-m-npm-request-2-34-0-package-tgz tar:///Users/HDim/.npm/request/2.34.0/package.tgz
80 verbose lock tar:///Users/HDim/.npm/request/2.34.0/package.tgz /Users/HDim/.npm/73a88f34-m-npm-request-2-34-0-package-tgz.lock
81 silly gunzTarPerm modes [ '755', '644' ]
82 silly gunzTarPerm extractEntry package.json
83 silly gunzTarPerm extractEntry .npmignore
84 silly gunzTarPerm extractEntry README.md
85 silly gunzTarPerm extractEntry LICENSE
86 silly gunzTarPerm extractEntry dns-request.js
87 silly gunzTarPerm extractEntry index.js
88 silly gunzTarPerm extractEntry request.js
89 silly gunzTarPerm extractEntry .travis.yml
90 silly gunzTarPerm extractEntry lib/cookies.js
91 silly gunzTarPerm extractEntry lib/copy.js
92 silly gunzTarPerm extractEntry lib/debug.js
93 silly gunzTarPerm extractEntry lib/getSafe.js
94 silly gunzTarPerm extractEntry lib/optional.js
95 silly lockFile 50f503d3--HDim-npm-request-2-34-0-package tar:///Users/HDim/.npm/request/2.34.0/package
96 silly lockFile 50f503d3--HDim-npm-request-2-34-0-package tar:///Users/HDim/.npm/request/2.34.0/package
97 silly lockFile 73a88f34-m-npm-request-2-34-0-package-tgz tar:///Users/HDim/.npm/request/2.34.0/package.tgz
98 silly lockFile 73a88f34-m-npm-request-2-34-0-package-tgz tar:///Users/HDim/.npm/request/2.34.0/package.tgz
99 verbose chmod /Users/HDim/.npm/request/2.34.0/package.tgz 644
100 verbose chown /Users/HDim/.npm/request/2.34.0/package.tgz [ 501, 20 ]
101 silly lockFile 1b2f62ce-s-org-request-request-2-34-0-tgz https://registry.npmjs.org/request/-/request-2.34.0.tgz
102 silly lockFile 1b2f62ce-s-org-request-request-2-34-0-tgz https://registry.npmjs.org/request/-/request-2.34.0.tgz
103 silly lockFile a8edf972-request-2-34-0 request@2.34.0
104 silly lockFile a8edf972-request-2-34-0 request@2.34.0
105 silly lockFile 9d461bcf-request request@
106 silly lockFile 9d461bcf-request request@
107 silly resolved [ { name: 'request',
107 silly resolved     description: 'Simplified HTTP request client.',
107 silly resolved     tags: [ 'http', 'simple', 'util', 'utility' ],
107 silly resolved     version: '2.34.0',
107 silly resolved     author: { name: 'Mikeal Rogers', email: 'mikeal.rogers@gmail.com' },
107 silly resolved     repository: { type: 'git', url: 'http://github.com/mikeal/request.git' },
107 silly resolved     bugs: { url: 'http://github.com/mikeal/request/issues' },
107 silly resolved     license: 'Apache, Version 2.0',
107 silly resolved     engines: [ 'node >= 0.8.0' ],
107 silly resolved     main: 'index.js',
107 silly resolved     dependencies:
107 silly resolved      { qs: '~0.6.0',
107 silly resolved        'json-stringify-safe': '~5.0.0',
107 silly resolved        'forever-agent': '~0.5.0',
107 silly resolved        'node-uuid': '~1.4.0',
107 silly resolved        mime: '~1.2.9',
107 silly resolved        'tough-cookie': '>=0.12.0',
107 silly resolved        'form-data': '~0.1.0',
107 silly resolved        'tunnel-agent': '~0.3.0',
107 silly resolved        'http-signature': '~0.10.0',
107 silly resolved        'oauth-sign': '~0.3.0',
107 silly resolved        hawk: '~1.0.0',
107 silly resolved        'aws-sign2': '~0.5.0' },
107 silly resolved     optionalDependencies:
107 silly resolved      { 'tough-cookie': '>=0.12.0',
107 silly resolved        'form-data': '~0.1.0',
107 silly resolved        'tunnel-agent': '~0.3.0',
107 silly resolved        'http-signature': '~0.10.0',
107 silly resolved        'oauth-sign': '~0.3.0',
107 silly resolved        hawk: '~1.0.0',
107 silly resolved        'aws-sign2': '~0.5.0' },
107 silly resolved     scripts: { test: 'node tests/run.js' },
107 silly resolved     readme: '# Request -- Simplified HTTP client\n\n[![NPM](https://nodei.co/npm/request.png)](https://nodei.co/npm/request/)\n\n## Super simple to use\n\nRequest is designed to be the simplest way possible to make http calls. It supports HTTPS and follows redirects by default.\n\n```javascript\nvar request = require(\'request\');\nrequest(\'http://www.google.com\', function (error, response, body) {\n  if (!error && response.statusCode == 200) {\n    console.log(body) // Print the google web page.\n  }\n})\n```\n\n## Streaming\n\nYou can stream any response to a file stream.\n\n```javascript\nrequest(\'http://google.com/doodle.png\').pipe(fs.createWriteStream(\'doodle.png\'))\n```\n\nYou can also stream a file to a PUT or POST request. This method will also check the file extension against a mapping of file extensions to content-types (in this case `application/json`) and use the proper `content-type` in the PUT request (if the headers don’t already provide one).\n\n```javascript\nfs.createReadStream(\'file.json\').pipe(request.put(\'http://mysite.com/obj.json\'))\n```\n\nRequest can also `pipe` to itself. When doing so, `content-type` and `content-length` are preserved in the PUT headers.\n\n```javascript\nrequest.get(\'http://google.com/img.png\').pipe(request.put(\'http://mysite.com/img.png\'))\n```\n\nNow let’s get fancy.\n\n```javascript\nhttp.createServer(function (req, resp) {\n  if (req.url === \'/doodle.png\') {\n    if (req.method === \'PUT\') {\n      req.pipe(request.put(\'http://mysite.com/doodle.png\'))\n    } else if (req.method === \'GET\' || req.method === \'HEAD\') {\n      request.get(\'http://mysite.com/doodle.png\').pipe(resp)\n    }\n  }\n})\n```\n\nYou can also `pipe()` from `http.ServerRequest` instances, as well as to `http.ServerResponse` instances. The HTTP method, headers, and entity-body data will be sent. Which means that, if you don\'t really care about security, you can do:\n\n```javascript\nhttp.createServer(function (req, resp) {\n  if (req.url === \'/doodle.png\') {\n    var x = request(\'http://mysite.com/doodle.png\')\n    req.pipe(x)\n    x.pipe(resp)\n  }\n})\n```\n\nAnd since `pipe()` returns the destination stream in ≥ Node 0.5.x you can do one line proxying. :)\n\n```javascript\nreq.pipe(request(\'http://mysite.com/doodle.png\')).pipe(resp)\n```\n\nAlso, none of this new functionality conflicts with requests previous features, it just expands them.\n\n```javascript\nvar r = request.defaults({\'proxy\':\'http://localproxy.com\'})\n\nhttp.createServer(function (req, resp) {\n  if (req.url === \'/doodle.png\') {\n    r.get(\'http://google.com/doodle.png\').pipe(resp)\n  }\n})\n```\n\nYou can still use intermediate proxies, the requests will still follow HTTP forwards, etc.\n\n## UNIX Socket \n\n`request` supports the `unix://` protocol for all requests. The path is assumed to be absolute to the root of the host file system. \n\nHTTP paths are extracted from the supplied URL by testing each level of the full URL against net.connect for a socket response.\n\nThus the following request will GET `/httppath` from the HTTP server listening on `/tmp/unix.socket`\n\n```javascript\nrequest.get(\'unix://tmp/unix.socket/httppath\')\n```\n\n## Forms\n\n`request` supports `application/x-www-form-urlencoded` and `multipart/form-data` form uploads. For `multipart/related` refer to the `multipart` API.\n\nURL-encoded forms are simple.\n\n```javascript\nrequest.post(\'http://service.com/upload\', {form:{key:\'value\'}})\n// or\nrequest.post(\'http://service.com/upload\').form({key:\'value\'})\n```\n\nFor `multipart/form-data` we use the [form-data](https://github.com/felixge/node-form-data) library by [@felixge](https://github.com/felixge). You don’t need to worry about piping the form object or setting the headers, `request` will handle that for you.\n\n```javascript\nvar r = request.post(\'http://service.com/upload\')\nvar form = r.form()\nform.append(\'my_field\', \'my_value\')\nform.append(\'my_buffer\', new Buffer([1, 2, 3]))\nform.append(\'my_file\', fs.createReadStream(path.join(__dirname, \'doodle.png\'))\nform.append(\'remote_file\', request(\'http://google.com/doodle.png\'))\n```\n\n## HTTP Authentication\n\n```javascript\nrequest.get(\'http://some.server.com/\').auth(\'username\', \'password\', false);\n// or\nrequest.get(\'http://some.server.com/\', {\n  \'auth\': {\n    \'user\': \'username\',\n    \'pass\': \'password\',\n    \'sendImmediately\': false\n  }\n});\n```\n\nIf passed as an option, `auth` should be a hash containing values `user` || `username`, `password` || `pass`, and `sendImmediately` (optional).  The method form takes parameters `auth(username, password, sendImmediately)`.\n\n`sendImmediately` defaults to `true`, which causes a basic authentication header to be sent.  If `sendImmediately` is `false`, then `request` will retry with a proper authentication header after receiving a `401` response from the server (which must contain a `WWW-Authenticate` header indicating the required authentication method).\n\nDigest authentication is supported, but it only works with `sendImmediately` set to `false`; otherwise `request` will send basic authentication on the initial request, which will probably cause the request to fail.\n\n## OAuth Signing\n\n```javascript\n// Twitter OAuth\nvar qs = require(\'querystring\')\n  , oauth =\n    { callback: \'http://mysite.com/callback/\'\n    , consumer_key: CONSUMER_KEY\n    , consumer_secret: CONSUMER_SECRET\n    }\n  , url = \'https://api.twitter.com/oauth/request_token\'\n  ;\nrequest.post({url:url, oauth:oauth}, function (e, r, body) {\n  // Ideally, you would take the body in the response\n  // and construct a URL that a user clicks on (like a sign in button).\n  // The verifier is only available in the response after a user has\n  // verified with twitter that they are authorizing your app.\n  var access_token = qs.parse(body)\n    , oauth =\n      { consumer_key: CONSUMER_KEY\n      , consumer_secret: CONSUMER_SECRET\n      , token: access_token.oauth_token\n      , verifier: access_token.oauth_verifier\n      }\n    , url = \'https://api.twitter.com/oauth/access_token\'\n    ;\n  request.post({url:url, oauth:oauth}, function (e, r, body) {\n    var perm_token = qs.parse(body)\n      , oauth =\n        { consumer_key: CONSUMER_KEY\n        , consumer_secret: CONSUMER_SECRET\n        , token: perm_token.oauth_token\n        , token_secret: perm_token.oauth_token_secret\n        }\n      , url = \'https://api.twitter.com/1.1/users/show.json?\'\n      , params =\n        { screen_name: perm_token.screen_name\n        , user_id: perm_token.user_id\n        }\n      ;\n    url += qs.stringify(params)\n    request.get({url:url, oauth:oauth, json:true}, function (e, r, user) {\n      console.log(user)\n    })\n  })\n})\n```\n\n### Custom HTTP Headers\n\nHTTP Headers, such as `User-Agent`, can be set in the `options` object.\nIn the example below, we call the github API to find out the number\nof stars and forks for the request repository. This requires a\ncustom `User-Agent` header as well as https.\n\n```javascript\nvar request = require(\'request\');\n\nvar options = {\n\turl: \'https://api.github.com/repos/mikeal/request\',\n\theaders: {\n\t\t\'User-Agent\': \'request\'\n\t}\n};\n\nfunction callback(error, response, body) {\n\tif (!error && response.statusCode == 200) {\n\t\tvar info = JSON.parse(body);\n\t\tconsole.log(info.stargazers_count + " Stars");\n\t\tconsole.log(info.forks_count + " Forks");\n\t}\n}\n\nrequest(options, callback);\n```\n\n### request(options, callback)\n\nThe first argument can be either a `url` or an `options` object. The only required option is `uri`; all others are optional.\n\n* `uri` || `url` - fully qualified uri or a parsed url object from `url.parse()`\n* `qs` - object containing querystring values to be appended to the `uri`\n* `method` - http method (default: `"GET"`)\n* `headers` - http headers (default: `{}`)\n* `body` - entity body for PATCH, POST and PUT requests. Must be a `Buffer` or `String`.\n* `form` - when passed an object, this sets `body` to a querystring representation of value, and adds `Content-type: application/x-www-form-urlencoded; charset=utf-8` header. When passed no options, a `FormData` instance is returned (and is piped to request).\n* `auth` - A hash containing values `user` || `username`, `password` || `pass`, and `sendImmediately` (optional).  See documentation above.\n* `json` - sets `body` but to JSON representation of value and adds `Content-type: application/json` header.  Additionally, parses the response body as JSON.\n* `multipart` - (experimental) array of objects which contains their own headers and `body` attribute. Sends `multipart/related` request. See example below.\n* `followRedirect` - follow HTTP 3xx responses as redirects (default: `true`)\n* `followAllRedirects` - follow non-GET HTTP 3xx responses as redirects (default: `false`)\n* `maxRedirects` - the maximum number of redirects to follow (default: `10`)\n* `encoding` - Encoding to be used on `setEncoding` of response data. If `null`, the `body` is returned as a `Buffer`.\n* `pool` - A hash object containing the agents for these requests. If omitted, the request will use the global pool (which is set to node\'s default `maxSockets`)\n* `pool.maxSockets` - Integer containing the maximum amount of sockets in the pool.\n* `timeout` - Integer containing the number of milliseconds to wait for a request to respond before aborting the request\n* `proxy` - An HTTP proxy to be used. Supports proxy Auth with Basic Auth, identical to support for the `url` parameter (by embedding the auth info in the `uri`)\n* `oauth` - Options for OAuth HMAC-SHA1 signing. See documentation above.\n* `hawk` - Options for [Hawk signing](https://github.com/hueniverse/hawk). The `credentials` key must contain the necessary signing info, [see hawk docs for details](https://github.com/hueniverse/hawk#usage-example).\n* `strictSSL` - If `true`, requires SSL certificates be valid. **Note:** to use your own certificate authority, you need to specify an agent that was created with that CA as an option.\n* `jar` - If `true`, remember cookies for future use (or define your custom cookie jar; see examples section)\n* `aws` - `object` containing AWS signing information. Should have the properties `key`, `secret`. Also requires the property `bucket`, unless you’re specifying your `bucket` as part of the path, or the request doesn’t use a bucket (i.e. GET Services)\n* `httpSignature` - Options for the [HTTP Signature Scheme](https://github.com/joyent/node-http-signature/blob/master/http_signing.md) using [Joyent\'s library](https://github.com/joyent/node-http-signature). The `keyId` and `key` properties must be specified. See the docs for other options.\n* `localAddress` - Local interface to bind for network connections.\n\n\nThe callback argument gets 3 arguments: \n\n1. An `error` when applicable (usually from [`http.ClientRequest`](http://nodejs.org/api/http.html#http_class_http_clientrequest) object)\n2. An [`http.IncomingMessage`](http://nodejs.org/api/http.html#http_http_incomingmessage) object\n3. The third is the `response` body (`String` or `Buffer`, or JSON object if the `json` option is supplied)\n\n## Convenience methods\n\nThere are also shorthand methods for different HTTP METHODs and some other conveniences.\n\n### request.defaults(options)\n\nThis method returns a wrapper around the normal request API that defaults to whatever options you pass in to it.\n\n### request.put\n\nSame as `request()`, but defaults to `method: "PUT"`.\n\n```javascript\nrequest.put(url)\n```\n\n### request.patch\n\nSame as `request()`, but defaults to `method: "PATCH"`.\n\n```javascript\nrequest.patch(url)\n```\n\n### request.post\n\nSame as `request()`, but defaults to `method: "POST"`.\n\n```javascript\nrequest.post(url)\n```\n\n### request.head\n\nSame as request() but defaults to `method: "HEAD"`.\n\n```javascript\nrequest.head(url)\n```\n\n### request.del\n\nSame as `request()`, but defaults to `method: "DELETE"`.\n\n```javascript\nrequest.del(url)\n```\n\n### request.get\n\nSame as `request()` (for uniformity).\n\n```javascript\nrequest.get(url)\n```\n### request.cookie\n\nFunction that creates a new cookie.\n\n```javascript\nrequest.cookie(\'cookie_string_here\')\n```\n### request.jar\n\nFunction that creates a new cookie jar.\n\n```javascript\nrequest.jar()\n```\n\n\n## Examples:\n\n```javascript\n  var request = require(\'request\')\n    , rand = Math.floor(Math.random()*100000000).toString()\n    ;\n  request(\n    { method: \'PUT\'\n    , uri: \'http://mikeal.iriscouch.com/testjs/\' + rand\n    , multipart:\n      [ { \'content-type\': \'application/json\'\n        ,  body: JSON.stringify({foo: \'bar\', _attachments: {\'message.txt\': {follows: true, length: 18, \'content_type\': \'text/plain\' }}})\n        }\n      , { body: \'I am an attachment\' }\n      ]\n    }\n  , function (error, response, body) {\n      if(response.statusCode == 201){\n        console.log(\'document saved as: http://mikeal.iriscouch.com/testjs/\'+ rand)\n      } else {\n        console.log(\'error: \'+ response.statusCode)\n        console.log(body)\n      }\n    }\n  )\n```\n\nCookies are disabled by default (else, they would be used in subsequent requests). To enable cookies, set `jar` to `true` (either in `defaults` or `options`).\n\n```javascript\nvar request = request.defaults({jar: true})\nrequest(\'http://www.google.com\', function () {\n  request(\'http://images.google.com\')\n})\n```\n\nTo use a custom cookie jar (instead `request`’s global cookie jar), set `jar` to an instance of `request.jar()` (either in `defaults` or `options`)\n\n```javascript\nvar j = request.jar()\nvar request = request.defaults({jar:j})\nrequest(\'http://www.google.com\', function () {\n  request(\'http://images.google.com\')\n})\n```\n\nOR\n\n```javascript\nvar j = request.jar()\nvar cookie = request.cookie(\'your_cookie_here\')\nj.setCookie(cookie, uri);\nrequest({url: \'http://www.google.com\', jar: j}, function () {\n  request(\'http://images.google.com\')\n})\n```\n',
107 silly resolved     readmeFilename: 'README.md',
107 silly resolved     homepage: 'https://github.com/mikeal/request',
107 silly resolved     _id: 'request@2.34.0',
107 silly resolved     dist: { shasum: 'b5d8b9526add4a2d4629f4d417124573996445ae' },
107 silly resolved     _from: 'request@',
107 silly resolved     _resolved: 'https://registry.npmjs.org/request/-/request-2.34.0.tgz' } ]
108 info install request@2.34.0 into /usr/local/lib
109 info installOne request@2.34.0
110 info /usr/local/lib/node_modules/request unbuild
111 verbose tar unpack /Users/HDim/.npm/request/2.34.0/package.tgz
112 silly lockFile badd5118-r-local-lib-node-modules-request tar:///usr/local/lib/node_modules/request
113 verbose lock tar:///usr/local/lib/node_modules/request /Users/HDim/.npm/badd5118-r-local-lib-node-modules-request.lock
114 silly lockFile 73a88f34-m-npm-request-2-34-0-package-tgz tar:///Users/HDim/.npm/request/2.34.0/package.tgz
115 verbose lock tar:///Users/HDim/.npm/request/2.34.0/package.tgz /Users/HDim/.npm/73a88f34-m-npm-request-2-34-0-package-tgz.lock
116 silly gunzTarPerm modes [ '755', '644' ]
117 error Error: EACCES, mkdir '/usr/local/lib/node_modules/request'
117 error  { [Error: EACCES, mkdir '/usr/local/lib/node_modules/request']
117 error   errno: 3,
117 error   code: 'EACCES',
117 error   path: '/usr/local/lib/node_modules/request',
117 error   fstream_type: 'Directory',
117 error   fstream_path: '/usr/local/lib/node_modules/request',
117 error   fstream_class: 'DirWriter',
117 error   fstream_stack:
117 error    [ '/usr/local/lib/node_modules/npm/node_modules/fstream/lib/dir-writer.js:36:23',
117 error      '/usr/local/lib/node_modules/npm/node_modules/mkdirp/index.js:37:53',
117 error      'Object.oncomplete (fs.js:107:15)' ] }
118 error Please try running this command again as root/Administrator.
119 error System Darwin 13.1.0
120 error command "node" "/usr/local/bin/npm" "install" "-g" "request"
121 error cwd /Users/HDim/Documents/annomongo
122 error node -v v0.10.26
123 error npm -v 1.4.3
124 error path /usr/local/lib/node_modules/request
125 error fstream_path /usr/local/lib/node_modules/request
126 error fstream_type Directory
127 error fstream_class DirWriter
128 error code EACCES
129 error errno 3
130 error stack Error: EACCES, mkdir '/usr/local/lib/node_modules/request'
131 error fstream_stack /usr/local/lib/node_modules/npm/node_modules/fstream/lib/dir-writer.js:36:23
131 error fstream_stack /usr/local/lib/node_modules/npm/node_modules/mkdirp/index.js:37:53
131 error fstream_stack Object.oncomplete (fs.js:107:15)
132 verbose exit [ 3, true ]
